[0317/234448.981:ERROR:file_io_win.cc(161)] CreateFile D:\temp\puppeteer_dev_profile-cibEP8\Crashpad\settings.dat: Не удается найти указанный файл. (0x2)
[0317/234449.541:ERROR:process_reader_win.cc(151)] SuspendThread: Отказано в доступе. (0x5)
[0317/234449.791:ERROR:process_reader_win.cc(151)] SuspendThread: Отказано в доступе. (0x5)
[0317/234449.792:ERROR:process_reader_win.cc(151)] SuspendThread: Отказано в доступе. (0x5)
[0317/234449.840:ERROR:process_reader_win.cc(151)] SuspendThread: Отказано в доступе. (0x5)
[0317/234449.841:ERROR:process_reader_win.cc(151)] SuspendThread: Отказано в доступе. (0x5)
[0317/234449.883:ERROR:file_io_win.cc(161)] CreateFile D:\temp\puppeteer_dev_profile-1F457Q\Crashpad\settings.dat: Не удается найти указанный файл. (0x2)
[0317/234450.161:ERROR:file_io_win.cc(161)] CreateFile D:\temp\puppeteer_dev_profile-Xonw66\Crashpad\settings.dat: Не удается найти указанный файл. (0x2)
[0317/234450.329:ERROR:file_io_win.cc(161)] CreateFile D:\temp\puppeteer_dev_profile-PyYcRr\Crashpad\settings.dat: Не удается найти указанный файл. (0x2)
[0317/234450.352:ERROR:file_io_win.cc(161)] CreateFile D:\temp\puppeteer_dev_profile-g6wNCm\Crashpad\settings.dat: Системе не удается найти указанный путь. (0x3)
[0317/234450.353:ERROR:file_io_win.cc(170)] CreateFile D:\temp\puppeteer_dev_profile-g6wNCm\Crashpad\reports\89e60a86-d64b-4221-bd5b-cb5dc0685436.dmp: Системе не удается найти указанный путь. (0x3)
[0317/234450.353:ERROR:crash_report_exception_handler.cc(97)] PrepareNewCrashReport failed
[0317/234848.848:ERROR:process_reader_win.cc(151)] SuspendThread: Отказано в доступе. (0x5)
[0317/234848.848:ERROR:process_reader_win.cc(151)] SuspendThread: Отказано в доступе. (0x5)
[0317/234849.121:ERROR:process_reader_win.cc(151)] SuspendThread: Отказано в доступе. (0x5)
[0317/234849.122:ERROR:process_reader_win.cc(151)] SuspendThread: Отказано в доступе. (0x5)
[0317/234849.122:ERROR:process_reader_win.cc(151)] SuspendThread: Отказано в доступе. (0x5)
[0317/234849.122:ERROR:process_reader_win.cc(151)] SuspendThread: Отказано в доступе. (0x5)
[0317/234849.126:ERROR:file_io_win.cc(161)] CreateFile D:\temp\puppeteer_dev_profile-qSULfV\Crashpad\settings.dat: Системе не удается найти указанный путь. (0x3)
[0317/234849.126:ERROR:file_io_win.cc(170)] CreateFile D:\temp\puppeteer_dev_profile-qSULfV\Crashpad\reports\bcb62b27-c36c-4e9e-bd1d-9f3095827339.dmp: Системе не удается найти указанный путь. (0x3)
[0317/234849.126:ERROR:crash_report_exception_handler.cc(97)] PrepareNewCrashReport failed
[0317/234849.143:ERROR:process_reader_win.cc(151)] SuspendThread: Отказано в доступе. (0x5)
[0317/234849.144:ERROR:process_reader_win.cc(151)] SuspendThread: Отказано в доступе. (0x5)
[0317/234849.144:ERROR:process_reader_win.cc(151)] SuspendThread: Отказано в доступе. (0x5)
[0317/234849.144:ERROR:process_reader_win.cc(151)] SuspendThread: Отказано в доступе. (0x5)
[0317/234849.144:ERROR:process_reader_win.cc(151)] SuspendThread: Отказано в доступе. (0x5)
[0317/234849.149:ERROR:file_io_win.cc(161)] CreateFile D:\temp\puppeteer_dev_profile-bCG8O2\Crashpad\settings.dat: Системе не удается найти указанный путь. (0x3)
[0317/234849.149:ERROR:file_io_win.cc(170)] CreateFile D:\temp\puppeteer_dev_profile-bCG8O2\Crashpad\reports\f21ceeac-8e6f-4045-ba98-1989b6e2f02b.dmp: Системе не удается найти указанный путь. (0x3)
[0317/234849.149:ERROR:crash_report_exception_handler.cc(97)] PrepareNewCrashReport failed
[0317/234849.160:ERROR:process_reader_win.cc(151)] SuspendThread: Отказано в доступе. (0x5)
[0317/234849.161:ERROR:process_reader_win.cc(151)] SuspendThread: Отказано в доступе. (0x5)
[0317/234849.161:ERROR:process_reader_win.cc(151)] SuspendThread: Отказано в доступе. (0x5)
[0317/234849.161:ERROR:process_reader_win.cc(151)] SuspendThread: Отказано в доступе. (0x5)
[0317/234849.166:ERROR:file_io_win.cc(161)] CreateFile D:\temp\puppeteer_dev_profile-Eh9Elg\Crashpad\settings.dat: Системе не удается найти указанный путь. (0x3)
[0317/234849.166:ERROR:file_io_win.cc(170)] CreateFile D:\temp\puppeteer_dev_profile-Eh9Elg\Crashpad\reports\8ede20aa-fe9c-44f8-af91-18b371a3fb04.dmp: Системе не удается найти указанный путь. (0x3)
[0317/234849.166:ERROR:crash_report_exception_handler.cc(97)] PrepareNewCrashReport failed
[0317/234849.207:ERROR:file_io_win.cc(161)] CreateFile D:\temp\puppeteer_dev_profile-IkuGtg\Crashpad\settings.dat: Не удается найти указанный файл. (0x2)
[0317/234849.307:ERROR:process_reader_win.cc(151)] SuspendThread: Отказано в доступе. (0x5)
[0317/234849.308:ERROR:process_reader_win.cc(151)] SuspendThread: Отказано в доступе. (0x5)
[0317/234849.312:ERROR:file_io_win.cc(161)] CreateFile D:\temp\puppeteer_dev_profile-Gfg16L\Crashpad\settings.dat: Системе не удается найти указанный путь. (0x3)
[0317/234849.313:ERROR:file_io_win.cc(170)] CreateFile D:\temp\puppeteer_dev_profile-Gfg16L\Crashpad\reports\9b31d11e-35f5-4ec3-96c0-a5cd19c0daa1.dmp: Системе не удается найти указанный путь. (0x3)
[0317/234849.313:ERROR:crash_report_exception_handler.cc(97)] PrepareNewCrashReport failed
[0317/234849.419:ERROR:process_reader_win.cc(151)] SuspendThread: Отказано в доступе. (0x5)
[0317/234849.420:ERROR:process_reader_win.cc(151)] SuspendThread: Отказано в доступе. (0x5)
[0317/234849.424:ERROR:file_io_win.cc(161)] CreateFile D:\temp\puppeteer_dev_profile-e5ohlj\Crashpad\settings.dat: Системе не удается найти указанный путь. (0x3)
[0317/234849.425:ERROR:file_io_win.cc(170)] CreateFile D:\temp\puppeteer_dev_profile-e5ohlj\Crashpad\reports\5df20c5e-d565-414e-a720-a64f5738dc01.dmp: Системе не удается найти указанный путь. (0x3)
[0317/234849.425:ERROR:crash_report_exception_handler.cc(97)] PrepareNewCrashReport failed
[0317/234849.430:ERROR:process_reader_win.cc(151)] SuspendThread: Отказано в доступе. (0x5)
[0317/234849.431:ERROR:process_reader_win.cc(151)] SuspendThread: Отказано в доступе. (0x5)
[0317/234849.767:ERROR:file_io_win.cc(161)] CreateFile D:\temp\puppeteer_dev_profile-8UkLat\Crashpad\settings.dat: Не удается найти указанный файл. (0x2)
[0317/234850.291:ERROR:process_reader_win.cc(151)] SuspendThread: Отказано в доступе. (0x5)
[0317/234850.397:ERROR:process_reader_win.cc(151)] SuspendThread: Отказано в доступе. (0x5)
[0317/234850.509:ERROR:process_reader_win.cc(151)] SuspendThread: Отказано в доступе. (0x5)
[0317/234850.558:ERROR:process_reader_win.cc(151)] SuspendThread: Отказано в доступе. (0x5)
[0317/234850.833:ERROR:process_reader_win.cc(151)] SuspendThread: Отказано в доступе. (0x5)
[0317/234853.697:ERROR:process_reader_win.cc(151)] SuspendThread: Отказано в доступе. (0x5)
[0317/234853.722:ERROR:process_reader_win.cc(151)] SuspendThread: Отказано в доступе. (0x5)
[0317/234853.723:ERROR:process_reader_win.cc(151)] SuspendThread: Отказано в доступе. (0x5)
[0317/234853.727:ERROR:process_reader_win.cc(151)] SuspendThread: Отказано в доступе. (0x5)
[0317/234853.727:ERROR:process_reader_win.cc(151)] SuspendThread: Отказано в доступе. (0x5)
[0317/234853.728:ERROR:process_reader_win.cc(151)] SuspendThread: Отказано в доступе. (0x5)
[0317/234853.728:ERROR:process_reader_win.cc(151)] SuspendThread: Отказано в доступе. (0x5)
[0317/234853.741:ERROR:process_reader_win.cc(151)] SuspendThread: Отказано в доступе. (0x5)
[0317/234853.741:ERROR:process_reader_win.cc(151)] SuspendThread: Отказано в доступе. (0x5)
[0317/234853.741:ERROR:process_reader_win.cc(151)] SuspendThread: Отказано в доступе. (0x5)
[0317/234853.741:ERROR:process_reader_win.cc(151)] SuspendThread: Отказано в доступе. (0x5)
[0317/234853.742:ERROR:process_reader_win.cc(151)] SuspendThread: Отказано в доступе. (0x5)
[0317/234853.742:ERROR:process_reader_win.cc(151)] SuspendThread: Отказано в доступе. (0x5)
[0317/234853.746:ERROR:process_reader_win.cc(151)] SuspendThread: Отказано в доступе. (0x5)
[0317/234853.747:ERROR:process_reader_win.cc(151)] SuspendThread: Отказано в доступе. (0x5)
[0317/234853.749:ERROR:process_reader_win.cc(151)] SuspendThread: Отказано в доступе. (0x5)
[0317/234853.750:ERROR:process_reader_win.cc(151)] SuspendThread: Отказано в доступе. (0x5)
[0317/234853.750:ERROR:process_reader_win.cc(151)] SuspendThread: Отказано в доступе. (0x5)
[0317/234853.754:ERROR:process_reader_win.cc(151)] SuspendThread: Отказано в доступе. (0x5)
[0317/234853.755:ERROR:process_reader_win.cc(151)] SuspendThread: Отказано в доступе. (0x5)
[0317/234853.755:ERROR:process_reader_win.cc(151)] SuspendThread: Отказано в доступе. (0x5)
[0317/234853.755:ERROR:process_reader_win.cc(151)] SuspendThread: Отказано в доступе. (0x5)
[0317/234853.756:ERROR:process_reader_win.cc(151)] SuspendThread: Отказано в доступе. (0x5)
[0317/234853.756:ERROR:process_reader_win.cc(151)] SuspendThread: Отказано в доступе. (0x5)
[0317/234853.757:ERROR:process_reader_win.cc(151)] SuspendThread: Отказано в доступе. (0x5)
[0317/234853.758:ERROR:process_reader_win.cc(151)] SuspendThread: Отказано в доступе. (0x5)
[0317/234853.826:ERROR:process_reader_win.cc(151)] SuspendThread: Отказано в доступе. (0x5)
[0317/234853.827:ERROR:process_reader_win.cc(151)] SuspendThread: Отказано в доступе. (0x5)
[0317/234853.846:ERROR:process_reader_win.cc(151)] SuspendThread: Отказано в доступе. (0x5)
[0317/234853.847:ERROR:process_reader_win.cc(151)] SuspendThread: Отказано в доступе. (0x5)
[0317/234853.853:ERROR:process_reader_win.cc(151)] SuspendThread: Отказано в доступе. (0x5)
[0317/234853.854:ERROR:process_reader_win.cc(151)] SuspendThread: Отказано в доступе. (0x5)
[0317/234853.859:ERROR:process_reader_win.cc(151)] SuspendThread: Отказано в доступе. (0x5)
[0317/234853.860:ERROR:process_reader_win.cc(151)] SuspendThread: Отказано в доступе. (0x5)
[0317/234853.860:ERROR:process_reader_win.cc(151)] SuspendThread: Отказано в доступе. (0x5)
[0317/234853.860:ERROR:process_reader_win.cc(151)] SuspendThread: Отказано в доступе. (0x5)
[0317/234853.902:ERROR:process_reader_win.cc(151)] SuspendThread: Отказано в доступе. (0x5)
[0317/234853.903:ERROR:process_reader_win.cc(151)] SuspendThread: Отказано в доступе. (0x5)
[0317/234853.903:ERROR:process_reader_win.cc(151)] SuspendThread: Отказано в доступе. (0x5)
[0317/234853.903:ERROR:process_reader_win.cc(151)] SuspendThread: Отказано в доступе. (0x5)
[0317/234853.903:ERROR:process_reader_win.cc(151)] SuspendThread: Отказано в доступе. (0x5)
[0317/234853.935:ERROR:process_reader_win.cc(151)] SuspendThread: Отказано в доступе. (0x5)
[0317/234853.936:ERROR:process_reader_win.cc(151)] SuspendThread: Отказано в доступе. (0x5)
[0317/234853.936:ERROR:process_reader_win.cc(151)] SuspendThread: Отказано в доступе. (0x5)
[0317/234853.954:ERROR:process_reader_win.cc(151)] SuspendThread: Отказано в доступе. (0x5)
[0317/234853.955:ERROR:process_reader_win.cc(151)] SuspendThread: Отказано в доступе. (0x5)
[0317/234853.955:ERROR:process_reader_win.cc(151)] SuspendThread: Отказано в доступе. (0x5)
[0317/234853.985:ERROR:process_reader_win.cc(151)] SuspendThread: Отказано в доступе. (0x5)
[0317/234853.986:ERROR:process_reader_win.cc(151)] SuspendThread: Отказано в доступе. (0x5)
[0317/234853.986:ERROR:process_reader_win.cc(151)] SuspendThread: Отказано в доступе. (0x5)
[0317/234853.987:ERROR:process_reader_win.cc(151)] SuspendThread: Отказано в доступе. (0x5)
[0317/234853.987:ERROR:process_reader_win.cc(151)] SuspendThread: Отказано в доступе. (0x5)
[0317/234853.987:ERROR:process_reader_win.cc(151)] SuspendThread: Отказано в доступе. (0x5)
[0317/234853.987:ERROR:process_reader_win.cc(151)] SuspendThread: Отказано в доступе. (0x5)
[0317/234853.987:ERROR:process_reader_win.cc(151)] SuspendThread: Отказано в доступе. (0x5)
[0317/234853.987:ERROR:process_reader_win.cc(151)] SuspendThread: Отказано в доступе. (0x5)
[0317/234853.987:ERROR:process_reader_win.cc(151)] SuspendThread: Отказано в доступе. (0x5)
[0317/234853.989:ERROR:process_reader_win.cc(151)] SuspendThread: Отказано в доступе. (0x5)
[0317/234853.990:ERROR:process_reader_win.cc(151)] SuspendThread: Отказано в доступе. (0x5)
[0317/234853.990:ERROR:process_reader_win.cc(151)] SuspendThread: Отказано в доступе. (0x5)
[0317/234853.990:ERROR:process_reader_win.cc(151)] SuspendThread: Отказано в доступе. (0x5)
[0317/234853.990:ERROR:process_reader_win.cc(151)] SuspendThread: Отказано в доступе. (0x5)
[0317/234853.990:ERROR:process_reader_win.cc(151)] SuspendThread: Отказано в доступе. (0x5)
[0317/234853.990:ERROR:process_reader_win.cc(151)] SuspendThread: Отказано в доступе. (0x5)
[0317/234853.998:ERROR:process_reader_win.cc(151)] SuspendThread: Отказано в доступе. (0x5)
[0317/234853.999:ERROR:process_reader_win.cc(151)] SuspendThread: Отказано в доступе. (0x5)
[0317/234853.999:ERROR:process_reader_win.cc(151)] SuspendThread: Отказано в доступе. (0x5)
[0317/234854.001:ERROR:process_reader_win.cc(151)] SuspendThread: Отказано в доступе. (0x5)
[0317/234854.002:ERROR:process_reader_win.cc(151)] SuspendThread: Отказано в доступе. (0x5)
[0317/234854.002:ERROR:process_reader_win.cc(151)] SuspendThread: Отказано в доступе. (0x5)
[0317/234854.014:ERROR:process_reader_win.cc(151)] SuspendThread: Отказано в доступе. (0x5)
[0317/234854.015:ERROR:process_reader_win.cc(151)] SuspendThread: Отказано в доступе. (0x5)
[0317/234854.015:ERROR:process_reader_win.cc(151)] SuspendThread: Отказано в доступе. (0x5)
[0317/234854.015:ERROR:process_reader_win.cc(151)] SuspendThread: Отказано в доступе. (0x5)
[0317/234854.016:ERROR:process_reader_win.cc(151)] SuspendThread: Отказано в доступе. (0x5)
[0317/234854.016:ERROR:process_reader_win.cc(151)] SuspendThread: Отказано в доступе. (0x5)
[0317/234854.017:ERROR:process_reader_win.cc(151)] SuspendThread: Отказано в доступе. (0x5)
[0317/234854.017:ERROR:process_reader_win.cc(151)] SuspendThread: Отказано в доступе. (0x5)
[0317/234854.017:ERROR:process_reader_win.cc(151)] SuspendThread: Отказано в доступе. (0x5)
[0317/234854.020:ERROR:process_reader_win.cc(151)] SuspendThread: Отказано в доступе. (0x5)
[0317/234854.020:ERROR:process_reader_win.cc(151)] SuspendThread: Отказано в доступе. (0x5)
[0317/234854.020:ERROR:process_reader_win.cc(151)] SuspendThread: Отказано в доступе. (0x5)
[0317/234854.020:ERROR:process_reader_win.cc(151)] SuspendThread: Отказано в доступе. (0x5)
[0317/234854.020:ERROR:process_reader_win.cc(151)] SuspendThread: Отказано в доступе. (0x5)
[0317/234854.020:ERROR:process_reader_win.cc(151)] SuspendThread: Отказано в доступе. (0x5)
[0317/234854.020:ERROR:process_reader_win.cc(151)] SuspendThread: Отказано в доступе. (0x5)
[0317/234854.027:ERROR:process_reader_win.cc(151)] SuspendThread: Отказано в доступе. (0x5)
[0317/234854.028:ERROR:process_reader_win.cc(151)] SuspendThread: Отказано в доступе. (0x5)
[0317/234854.028:ERROR:process_reader_win.cc(151)] SuspendThread: Отказано в доступе. (0x5)
[0317/235645.310:ERROR:process_reader_win.cc(151)] SuspendThread: Отказано в доступе. (0x5)
[0317/235645.311:ERROR:process_reader_win.cc(151)] SuspendThread: Отказано в доступе. (0x5)
[0317/235645.311:ERROR:process_reader_win.cc(151)] SuspendThread: Отказано в доступе. (0x5)
[0317/235645.338:ERROR:process_reader_win.cc(151)] SuspendThread: Отказано в доступе. (0x5)
[0317/235645.339:ERROR:process_reader_win.cc(151)] SuspendThread: Отказано в доступе. (0x5)
[0317/235645.355:ERROR:process_reader_win.cc(151)] SuspendThread: Отказано в доступе. (0x5)
[0317/235645.356:ERROR:process_reader_win.cc(151)] SuspendThread: Отказано в доступе. (0x5)
[0317/235645.359:ERROR:process_reader_win.cc(151)] SuspendThread: Отказано в доступе. (0x5)
[0317/235645.360:ERROR:process_reader_win.cc(151)] SuspendThread: Отказано в доступе. (0x5)
[0317/235645.454:ERROR:process_reader_win.cc(151)] SuspendThread: Отказано в доступе. (0x5)
[0317/235645.455:ERROR:process_reader_win.cc(151)] SuspendThread: Отказано в доступе. (0x5)
[0317/235645.455:ERROR:process_reader_win.cc(151)] SuspendThread: Отказано в доступе. (0x5)
[0317/235645.455:ERROR:process_reader_win.cc(151)] SuspendThread: Отказано в доступе. (0x5)
[0317/235645.455:ERROR:process_reader_win.cc(151)] SuspendThread: Отказано в доступе. (0x5)
[0317/235645.455:ERROR:process_reader_win.cc(151)] SuspendThread: Отказано в доступе. (0x5)
[0317/235645.459:ERROR:process_reader_win.cc(151)] SuspendThread: Отказано в доступе. (0x5)
[0317/235645.460:ERROR:process_reader_win.cc(151)] SuspendThread: Отказано в доступе. (0x5)
[0317/235645.460:ERROR:process_reader_win.cc(151)] SuspendThread: Отказано в доступе. (0x5)
[0317/235645.460:ERROR:process_reader_win.cc(151)] SuspendThread: Отказано в доступе. (0x5)
[0317/235645.460:ERROR:process_reader_win.cc(151)] SuspendThread: Отказано в доступе. (0x5)
[0317/235645.460:ERROR:process_reader_win.cc(151)] SuspendThread: Отказано в доступе. (0x5)
[0317/235645.517:ERROR:process_reader_win.cc(151)] SuspendThread: Отказано в доступе. (0x5)
[0317/235645.518:ERROR:exception_snapshot_win.cc(98)] thread ID 19664 not found in process
[0317/235645.518:ERROR:process_reader_win.cc(151)] SuspendThread: Отказано в доступе. (0x5)
[0317/235645.519:ERROR:process_reader_win.cc(151)] SuspendThread: Отказано в доступе. (0x5)
[0317/235645.518:ERROR:scoped_process_suspend.cc(40)] NtResumeProcess: Попытка доступа к процессу, выполняющему процедуру завершения. (0xc000010a)
[0317/235645.545:ERROR:process_reader_win.cc(151)] SuspendThread: Отказано в доступе. (0x5)
[0317/235645.546:ERROR:process_reader_win.cc(151)] SuspendThread: Отказано в доступе. (0x5)
[0317/235645.549:ERROR:process_reader_win.cc(151)] SuspendThread: Отказано в доступе. (0x5)
[0317/235645.559:ERROR:process_reader_win.cc(151)] SuspendThread: Отказано в доступе. (0x5)
[0317/235645.560:ERROR:process_reader_win.cc(151)] SuspendThread: Отказано в доступе. (0x5)
[0317/235645.560:ERROR:process_reader_win.cc(151)] SuspendThread: Отказано в доступе. (0x5)
[0317/235645.560:ERROR:process_reader_win.cc(151)] SuspendThread: Отказано в доступе. (0x5)
[0317/235645.560:ERROR:process_reader_win.cc(151)] SuspendThread: Отказано в доступе. (0x5)
[0317/235645.590:ERROR:process_reader_win.cc(151)] SuspendThread: Отказано в доступе. (0x5)
[0317/235645.594:ERROR:process_reader_win.cc(151)] SuspendThread: Отказано в доступе. (0x5)
[0317/235645.595:ERROR:process_reader_win.cc(151)] SuspendThread: Отказано в доступе. (0x5)
[0317/235645.596:ERROR:process_reader_win.cc(151)] SuspendThread: Отказано в доступе. (0x5)
[0317/235645.612:ERROR:process_reader_win.cc(151)] SuspendThread: Отказано в доступе. (0x5)
[0317/235645.612:ERROR:process_reader_win.cc(151)] SuspendThread: Отказано в доступе. (0x5)
[0317/235645.621:ERROR:process_reader_win.cc(151)] SuspendThread: Отказано в доступе. (0x5)
[0317/235645.621:ERROR:process_reader_win.cc(151)] SuspendThread: Отказано в доступе. (0x5)
[0317/235645.621:ERROR:process_reader_win.cc(151)] SuspendThread: Отказано в доступе. (0x5)
[0317/235645.621:ERROR:process_reader_win.cc(151)] SuspendThread: Отказано в доступе. (0x5)
[0317/235645.616:ERROR:process_reader_win.cc(151)] SuspendThread: Отказано в доступе. (0x5)
[0317/235645.622:ERROR:process_reader_win.cc(151)] SuspendThread: Отказано в доступе. (0x5)
[0317/235645.622:ERROR:process_reader_win.cc(151)] SuspendThread: Отказано в доступе. (0x5)
[0317/235645.618:ERROR:process_reader_win.cc(151)] SuspendThread: Отказано в доступе. (0x5)
[0317/235645.622:ERROR:process_reader_win.cc(151)] SuspendThread: Отказано в доступе. (0x5)
[0317/235645.622:ERROR:process_reader_win.cc(151)] SuspendThread: Отказано в доступе. (0x5)
[0317/235645.618:ERROR:process_reader_win.cc(151)] SuspendThread: Отказано в доступе. (0x5)
[0317/235645.623:ERROR:process_reader_win.cc(151)] SuspendThread: Отказано в доступе. (0x5)
[0317/235645.623:ERROR:process_reader_win.cc(151)] SuspendThread: Отказано в доступе. (0x5)
[0317/235645.623:ERROR:process_reader_win.cc(151)] SuspendThread: Отказано в доступе. (0x5)
[0317/235645.621:ERROR:process_reader_win.cc(151)] SuspendThread: Отказано в доступе. (0x5)
[0317/235645.623:ERROR:process_reader_win.cc(151)] SuspendThread: Отказано в доступе. (0x5)
[0317/235645.623:ERROR:process_reader_win.cc(151)] SuspendThread: Отказано в доступе. (0x5)
[0317/235645.627:ERROR:process_reader_win.cc(151)] SuspendThread: Отказано в доступе. (0x5)
[0317/235645.628:ERROR:process_reader_win.cc(151)] SuspendThread: Отказано в доступе. (0x5)
[0317/235645.628:ERROR:process_reader_win.cc(151)] SuspendThread: Отказано в доступе. (0x5)
[0317/235645.628:ERROR:process_reader_win.cc(151)] SuspendThread: Отказано в доступе. (0x5)
[0317/235645.627:ERROR:process_reader_win.cc(151)] SuspendThread: Отказано в доступе. (0x5)
[0317/235645.628:ERROR:process_reader_win.cc(151)] SuspendThread: Отказано в доступе. (0x5)
[0317/235645.628:ERROR:process_reader_win.cc(151)] SuspendThread: Отказано в доступе. (0x5)
[0317/235645.627:ERROR:process_reader_win.cc(151)] SuspendThread: Отказано в доступе. (0x5)
[0317/235645.629:ERROR:process_reader_win.cc(151)] SuspendThread: Отказано в доступе. (0x5)
[0317/235645.629:ERROR:process_reader_win.cc(151)] SuspendThread: Отказано в доступе. (0x5)
[0317/235645.629:ERROR:process_reader_win.cc(151)] SuspendThread: Отказано в доступе. (0x5)
[0317/235645.630:ERROR:process_reader_win.cc(151)] SuspendThread: Отказано в доступе. (0x5)
[0317/235645.634:ERROR:process_reader_win.cc(151)] SuspendThread: Отказано в доступе. (0x5)
[0317/235645.634:ERROR:process_reader_win.cc(151)] SuspendThread: Отказано в доступе. (0x5)
[0317/235843.348:ERROR:process_reader_win.cc(151)] SuspendThread: Отказано в доступе. (0x5)
[0317/235843.351:ERROR:exception_snapshot_win.cc(98)] thread ID 26708 not found in process
[0317/235843.351:ERROR:scoped_process_suspend.cc(40)] NtResumeProcess: Попытка доступа к процессу, выполняющему процедуру завершения. (0xc000010a)
[0317/235843.374:ERROR:process_reader_win.cc(151)] SuspendThread: Отказано в доступе. (0x5)
[0317/235843.374:ERROR:process_reader_win.cc(151)] SuspendThread: Отказано в доступе. (0x5)
[0317/235843.492:ERROR:process_reader_win.cc(151)] SuspendThread: Отказано в доступе. (0x5)
[0317/235843.492:ERROR:process_reader_win.cc(151)] SuspendThread: Отказано в доступе. (0x5)
[0317/235843.492:ERROR:process_reader_win.cc(151)] SuspendThread: Отказано в доступе. (0x5)
[0317/235843.492:ERROR:process_reader_win.cc(151)] SuspendThread: Отказано в доступе. (0x5)
[0317/235843.493:ERROR:process_reader_win.cc(151)] SuspendThread: Отказано в доступе. (0x5)
[0317/235843.496:ERROR:process_reader_win.cc(151)] SuspendThread: Отказано в доступе. (0x5)
[0317/235843.496:ERROR:process_reader_win.cc(151)] SuspendThread: Отказано в доступе. (0x5)
[0317/235843.497:ERROR:process_reader_win.cc(151)] SuspendThread: Отказано в доступе. (0x5)
[0317/235843.497:ERROR:process_reader_win.cc(151)] SuspendThread: Отказано в доступе. (0x5)
[0317/235843.497:ERROR:process_reader_win.cc(151)] SuspendThread: Отказано в доступе. (0x5)
[0317/235843.497:ERROR:process_reader_win.cc(151)] SuspendThread: Отказано в доступе. (0x5)
[0317/235843.497:ERROR:process_reader_win.cc(151)] SuspendThread: Отказано в доступе. (0x5)
[0317/235843.497:ERROR:process_reader_win.cc(151)] SuspendThread: Отказано в доступе. (0x5)
[0317/235843.497:ERROR:process_reader_win.cc(151)] SuspendThread: Отказано в доступе. (0x5)
[0317/235843.497:ERROR:process_reader_win.cc(151)] SuspendThread: Отказано в доступе. (0x5)
[0317/235843.497:ERROR:process_reader_win.cc(151)] SuspendThread: Отказано в доступе. (0x5)
[0317/235843.533:ERROR:process_reader_win.cc(151)] SuspendThread: Отказано в доступе. (0x5)
[0317/235843.534:ERROR:process_reader_win.cc(151)] SuspendThread: Отказано в доступе. (0x5)
[0317/235843.533:ERROR:process_reader_win.cc(151)] SuspendThread: Отказано в доступе. (0x5)
[0317/235843.534:ERROR:process_reader_win.cc(151)] SuspendThread: Отказано в доступе. (0x5)
[0317/235843.534:ERROR:process_reader_win.cc(151)] SuspendThread: Отказано в доступе. (0x5)
[0317/235843.534:ERROR:process_reader_win.cc(151)] SuspendThread: Отказано в доступе. (0x5)
[0317/235843.534:ERROR:process_reader_win.cc(151)] SuspendThread: Отказано в доступе. (0x5)
[0317/235843.534:ERROR:process_reader_win.cc(151)] SuspendThread: Отказано в доступе. (0x5)
[0317/235843.534:ERROR:process_reader_win.cc(151)] SuspendThread: Отказано в доступе. (0x5)
[0317/235843.534:ERROR:process_reader_win.cc(151)] SuspendThread: Отказано в доступе. (0x5)
[0317/235843.534:ERROR:process_reader_win.cc(151)] SuspendThread: Отказано в доступе. (0x5)
[0317/235843.535:ERROR:process_reader_win.cc(151)] SuspendThread: Отказано в доступе. (0x5)
[0317/235843.535:ERROR:process_reader_win.cc(151)] SuspendThread: Отказано в доступе. (0x5)
[0317/235843.535:ERROR:process_reader_win.cc(151)] SuspendThread: Отказано в доступе. (0x5)
[0317/235843.535:ERROR:process_reader_win.cc(151)] SuspendThread: Отказано в доступе. (0x5)
[0317/235843.535:ERROR:process_reader_win.cc(151)] SuspendThread: Отказано в доступе. (0x5)
[0317/235843.547:ERROR:process_reader_win.cc(151)] SuspendThread: Отказано в доступе. (0x5)
[0317/235843.548:ERROR:process_reader_win.cc(151)] SuspendThread: Отказано в доступе. (0x5)
[0317/235843.548:ERROR:process_reader_win.cc(151)] SuspendThread: Отказано в доступе. (0x5)
[0317/235843.548:ERROR:process_reader_win.cc(151)] SuspendThread: Отказано в доступе. (0x5)
[0318/000544.857:ERROR:process_reader_win.cc(151)] SuspendThread: Отказано в доступе. (0x5)
[0318/000544.915:ERROR:process_reader_win.cc(151)] SuspendThread: Отказано в доступе. (0x5)
[0318/000544.916:ERROR:process_reader_win.cc(151)] SuspendThread: Отказано в доступе. (0x5)
[0318/000544.916:ERROR:process_reader_win.cc(151)] SuspendThread: Отказано в доступе. (0x5)
[0318/000544.916:ERROR:process_reader_win.cc(151)] SuspendThread: Отказано в доступе. (0x5)
[0318/000544.958:ERROR:process_reader_win.cc(151)] SuspendThread: Отказано в доступе. (0x5)
[0318/000544.958:ERROR:process_reader_win.cc(151)] SuspendThread: Отказано в доступе. (0x5)
[0318/000544.958:ERROR:process_reader_win.cc(151)] SuspendThread: Отказано в доступе. (0x5)
[0318/000544.958:ERROR:process_reader_win.cc(151)] SuspendThread: Отказано в доступе. (0x5)
[0318/000544.962:ERROR:process_reader_win.cc(151)] SuspendThread: Отказано в доступе. (0x5)
[0318/000544.963:ERROR:process_reader_win.cc(151)] SuspendThread: Отказано в доступе. (0x5)
[0318/000544.963:ERROR:process_reader_win.cc(151)] SuspendThread: Отказано в доступе. (0x5)
[0318/000544.963:ERROR:process_reader_win.cc(151)] SuspendThread: Отказано в доступе. (0x5)
[0318/000544.965:ERROR:process_reader_win.cc(151)] SuspendThread: Отказано в доступе. (0x5)
[0318/000544.966:ERROR:process_reader_win.cc(151)] SuspendThread: Отказано в доступе. (0x5)
[0318/000544.966:ERROR:process_reader_win.cc(151)] SuspendThread: Отказано в доступе. (0x5)
[0318/000544.966:ERROR:process_reader_win.cc(151)] SuspendThread: Отказано в доступе. (0x5)
[0401/113322.786:ERROR:process_reader_win.cc(151)] SuspendThread: Отказано в доступе. (0x5)
[0401/113322.857:ERROR:process_reader_win.cc(151)] SuspendThread: Отказано в доступе. (0x5)
[0401/113322.858:ERROR:process_reader_win.cc(151)] SuspendThread: Отказано в доступе. (0x5)
[0401/113322.967:ERROR:process_reader_win.cc(151)] SuspendThread: Отказано в доступе. (0x5)
[0401/113322.968:ERROR:process_reader_win.cc(151)] SuspendThread: Отказано в доступе. (0x5)
[0401/113322.968:ERROR:process_reader_win.cc(151)] SuspendThread: Отказано в доступе. (0x5)
[0401/113323.188:ERROR:process_reader_win.cc(151)] SuspendThread: Отказано в доступе. (0x5)
[0401/113323.189:ERROR:process_reader_win.cc(151)] SuspendThread: Отказано в доступе. (0x5)
[0401/113323.987:ERROR:process_reader_win.cc(151)] SuspendThread: Отказано в доступе. (0x5)
[0401/113324.237:ERROR:process_reader_win.cc(151)] SuspendThread: Отказано в доступе. (0x5)
[0401/113324.252:ERROR:process_reader_win.cc(151)] SuspendThread: Отказано в доступе. (0x5)
[0401/133941.620:ERROR:process_reader_win.cc(151)] SuspendThread: Отказано в доступе. (0x5)
[0401/133941.680:ERROR:process_reader_win.cc(151)] SuspendThread: Отказано в доступе. (0x5)
[0401/133941.680:ERROR:process_reader_win.cc(151)] SuspendThread: Отказано в доступе. (0x5)
[0401/133941.681:ERROR:process_reader_win.cc(151)] SuspendThread: Отказано в доступе. (0x5)
[0401/133941.681:ERROR:process_reader_win.cc(151)] SuspendThread: Отказано в доступе. (0x5)
[0401/133941.686:ERROR:process_reader_win.cc(151)] SuspendThread: Отказано в доступе. (0x5)
[0401/133941.687:ERROR:process_reader_win.cc(151)] SuspendThread: Отказано в доступе. (0x5)
[0401/133941.687:ERROR:process_reader_win.cc(151)] SuspendThread: Отказано в доступе. (0x5)
[0401/133941.687:ERROR:process_reader_win.cc(151)] SuspendThread: Отказано в доступе. (0x5)
[0401/133941.687:ERROR:process_reader_win.cc(151)] SuspendThread: Отказано в доступе. (0x5)
[0401/133941.687:ERROR:process_reader_win.cc(151)] SuspendThread: Отказано в доступе. (0x5)
[0401/134033.124:ERROR:process_reader_win.cc(151)] SuspendThread: Отказано в доступе. (0x5)
[0401/134033.125:ERROR:process_reader_win.cc(151)] SuspendThread: Отказано в доступе. (0x5)
[0401/134033.259:ERROR:process_reader_win.cc(151)] SuspendThread: Отказано в доступе. (0x5)
[0401/194107.230:ERROR:process_reader_win.cc(151)] SuspendThread: Отказано в доступе. (0x5)
[0401/194541.741:ERROR:process_reader_win.cc(151)] SuspendThread: Отказано в доступе. (0x5)
[0401/194541.742:ERROR:process_reader_win.cc(151)] SuspendThread: Отказано в доступе. (0x5)
[0401/203243.350:ERROR:process_reader_win.cc(151)] SuspendThread: Отказано в доступе. (0x5)
[0401/203243.469:ERROR:process_reader_win.cc(151)] SuspendThread: Отказано в доступе. (0x5)
[0401/203243.470:ERROR:process_reader_win.cc(151)] SuspendThread: Отказано в доступе. (0x5)
[0401/203243.504:ERROR:process_reader_win.cc(151)] SuspendThread: Отказано в доступе. (0x5)
[0401/203243.505:ERROR:process_reader_win.cc(151)] SuspendThread: Отказано в доступе. (0x5)
[0401/203243.505:ERROR:process_reader_win.cc(151)] SuspendThread: Отказано в доступе. (0x5)
[0401/203243.505:ERROR:process_reader_win.cc(151)] SuspendThread: Отказано в доступе. (0x5)
[0401/203243.505:ERROR:process_reader_win.cc(151)] SuspendThread: Отказано в доступе. (0x5)
[0401/203243.505:ERROR:process_reader_win.cc(151)] SuspendThread: Отказано в доступе. (0x5)
[0401/203243.543:ERROR:process_reader_win.cc(151)] SuspendThread: Отказано в доступе. (0x5)
[0401/203243.625:ERROR:process_reader_win.cc(151)] SuspendThread: Отказано в доступе. (0x5)
[0401/203243.626:ERROR:process_reader_win.cc(151)] SuspendThread: Отказано в доступе. (0x5)
[0401/203243.626:ERROR:process_reader_win.cc(151)] SuspendThread: Отказано в доступе. (0x5)
[0401/203243.626:ERROR:process_reader_win.cc(151)] SuspendThread: Отказано в доступе. (0x5)
[0401/203243.629:ERROR:process_reader_win.cc(151)] SuspendThread: Отказано в доступе. (0x5)
[0401/203243.630:ERROR:process_reader_win.cc(151)] SuspendThread: Отказано в доступе. (0x5)
[0401/203243.630:ERROR:process_reader_win.cc(151)] SuspendThread: Отказано в доступе. (0x5)
[0401/203243.630:ERROR:process_reader_win.cc(151)] SuspendThread: Отказано в доступе. (0x5)
[0401/203243.629:ERROR:process_reader_win.cc(151)] SuspendThread: Отказано в доступе. (0x5)
[0401/203243.630:ERROR:process_reader_win.cc(151)] SuspendThread: Отказано в доступе. (0x5)
[0401/203243.629:ERROR:process_reader_win.cc(151)] SuspendThread: Отказано в доступе. (0x5)
[0401/203243.630:ERROR:process_reader_win.cc(151)] SuspendThread: Отказано в доступе. (0x5)
[0401/203243.630:ERROR:process_reader_win.cc(151)] SuspendThread: Отказано в доступе. (0x5)
[0401/203243.630:ERROR:process_reader_win.cc(151)] SuspendThread: Отказано в доступе. (0x5)
[0401/203243.630:ERROR:process_reader_win.cc(151)] SuspendThread: Отказано в доступе. (0x5)
[0401/203243.634:ERROR:process_reader_win.cc(151)] SuspendThread: Отказано в доступе. (0x5)
[0401/203243.635:ERROR:process_reader_win.cc(151)] SuspendThread: Отказано в доступе. (0x5)
[0401/203243.635:ERROR:process_reader_win.cc(151)] SuspendThread: Отказано в доступе. (0x5)
[0401/203243.635:ERROR:process_reader_win.cc(151)] SuspendThread: Отказано в доступе. (0x5)
[0401/203243.635:ERROR:process_reader_win.cc(151)] SuspendThread: Отказано в доступе. (0x5)
[0401/203243.635:ERROR:process_reader_win.cc(151)] SuspendThread: Отказано в доступе. (0x5)
[0401/203243.653:ERROR:process_reader_win.cc(151)] SuspendThread: Отказано в доступе. (0x5)
[0401/203243.654:ERROR:process_reader_win.cc(151)] SuspendThread: Отказано в доступе. (0x5)
[0401/213209.400:ERROR:process_reader_win.cc(151)] SuspendThread: Отказано в доступе. (0x5)
[0401/213209.401:ERROR:process_reader_win.cc(151)] SuspendThread: Отказано в доступе. (0x5)
[0401/213209.431:ERROR:process_reader_win.cc(151)] SuspendThread: Отказано в доступе. (0x5)
[0401/213209.452:ERROR:process_reader_win.cc(151)] SuspendThread: Отказано в доступе. (0x5)
[0401/213209.453:ERROR:process_reader_win.cc(151)] SuspendThread: Отказано в доступе. (0x5)
[0401/213209.455:ERROR:process_reader_win.cc(151)] SuspendThread: Отказано в доступе. (0x5)
[0401/213209.457:ERROR:process_reader_win.cc(151)] SuspendThread: Отказано в доступе. (0x5)
[0401/213209.462:ERROR:process_reader_win.cc(151)] SuspendThread: Отказано в доступе. (0x5)
[0401/213209.462:ERROR:process_reader_win.cc(151)] SuspendThread: Отказано в доступе. (0x5)
[0401/213209.462:ERROR:process_reader_win.cc(151)] SuspendThread: Отказано в доступе. (0x5)
[0401/213209.472:ERROR:process_reader_win.cc(151)] SuspendThread: Отказано в доступе. (0x5)
[0401/213209.473:ERROR:process_reader_win.cc(151)] SuspendThread: Отказано в доступе. (0x5)
[0401/213209.473:ERROR:process_reader_win.cc(151)] SuspendThread: Отказано в доступе. (0x5)
[0401/213209.512:ERROR:process_reader_win.cc(151)] SuspendThread: Отказано в доступе. (0x5)
[0401/213209.545:ERROR:process_reader_win.cc(151)] SuspendThread: Отказано в доступе. (0x5)
[0401/213209.562:ERROR:process_reader_win.cc(151)] SuspendThread: Отказано в доступе. (0x5)
[0401/213209.562:ERROR:process_reader_win.cc(151)] SuspendThread: Отказано в доступе. (0x5)
[0401/213209.563:ERROR:process_reader_win.cc(151)] SuspendThread: Отказано в доступе. (0x5)
[0401/213209.625:ERROR:process_reader_win.cc(151)] SuspendThread: Отказано в доступе. (0x5)
[0401/213209.626:ERROR:process_reader_win.cc(151)] SuspendThread: Отказано в доступе. (0x5)
[0401/213209.626:ERROR:process_reader_win.cc(151)] SuspendThread: Отказано в доступе. (0x5)
[0401/213209.630:ERROR:process_reader_win.cc(151)] SuspendThread: Отказано в доступе. (0x5)
[0401/213209.631:ERROR:process_reader_win.cc(151)] SuspendThread: Отказано в доступе. (0x5)
[0401/213209.631:ERROR:process_reader_win.cc(151)] SuspendThread: Отказано в доступе. (0x5)
[0401/213209.631:ERROR:process_reader_win.cc(151)] SuspendThread: Отказано в доступе. (0x5)
[0401/213209.631:ERROR:process_reader_win.cc(151)] SuspendThread: Отказано в доступе. (0x5)
[0401/213209.631:ERROR:process_reader_win.cc(151)] SuspendThread: Отказано в доступе. (0x5)
[0401/213209.638:ERROR:process_reader_win.cc(151)] SuspendThread: Отказано в доступе. (0x5)
[0401/213209.639:ERROR:process_reader_win.cc(151)] SuspendThread: Отказано в доступе. (0x5)
[0401/213209.639:ERROR:process_reader_win.cc(151)] SuspendThread: Отказано в доступе. (0x5)
[0401/213209.639:ERROR:process_reader_win.cc(151)] SuspendThread: Отказано в доступе. (0x5)
[0401/213209.638:ERROR:process_reader_win.cc(151)] SuspendThread: Отказано в доступе. (0x5)
[0401/213209.640:ERROR:process_reader_win.cc(151)] SuspendThread: Отказано в доступе. (0x5)
[0401/213209.640:ERROR:process_reader_win.cc(151)] SuspendThread: Отказано в доступе. (0x5)
[0401/213209.640:ERROR:process_reader_win.cc(151)] SuspendThread: Отказано в доступе. (0x5)
[0401/213209.645:ERROR:process_reader_win.cc(151)] SuspendThread: Отказано в доступе. (0x5)
[0401/213209.646:ERROR:process_reader_win.cc(151)] SuspendThread: Отказано в доступе. (0x5)
[0401/213209.646:ERROR:process_reader_win.cc(151)] SuspendThread: Отказано в доступе. (0x5)
[0401/213209.679:ERROR:process_reader_win.cc(151)] SuspendThread: Отказано в доступе. (0x5)
[0401/213209.680:ERROR:process_reader_win.cc(151)] SuspendThread: Отказано в доступе. (0x5)
[0401/213209.680:ERROR:process_reader_win.cc(151)] SuspendThread: Отказано в доступе. (0x5)
[0401/213209.679:ERROR:process_reader_win.cc(151)] SuspendThread: Отказано в доступе. (0x5)
[0401/213209.680:ERROR:process_reader_win.cc(151)] SuspendThread: Отказано в доступе. (0x5)
[0401/213209.680:ERROR:process_reader_win.cc(151)] SuspendThread: Отказано в доступе. (0x5)
[0401/213209.680:ERROR:process_reader_win.cc(151)] SuspendThread: Отказано в доступе. (0x5)
[0401/213209.695:ERROR:process_reader_win.cc(151)] SuspendThread: Отказано в доступе. (0x5)
[0401/213209.695:ERROR:process_reader_win.cc(151)] SuspendThread: Отказано в доступе. (0x5)
[0402/132004.533:ERROR:process_reader_win.cc(151)] SuspendThread: Отказано в доступе. (0x5)
[0402/132004.715:ERROR:process_reader_win.cc(151)] SuspendThread: Отказано в доступе. (0x5)
[0402/132004.868:ERROR:process_reader_win.cc(151)] SuspendThread: Отказано в доступе. (0x5)
[0402/132004.977:ERROR:process_reader_win.cc(151)] SuspendThread: Отказано в доступе. (0x5)
[0402/132005.166:ERROR:process_reader_win.cc(151)] SuspendThread: Отказано в доступе. (0x5)
[0402/132005.179:ERROR:process_reader_win.cc(151)] SuspendThread: Отказано в доступе. (0x5)
[0402/132005.179:ERROR:process_reader_win.cc(151)] SuspendThread: Отказано в доступе. (0x5)
[0402/132005.180:ERROR:exception_snapshot_win.cc(98)] thread ID 28096 not found in process
[0402/132005.194:ERROR:process_reader_win.cc(151)] SuspendThread: Отказано в доступе. (0x5)
[0402/132005.209:ERROR:process_reader_win.cc(151)] SuspendThread: Отказано в доступе. (0x5)
[0402/132005.381:ERROR:process_reader_win.cc(151)] SuspendThread: Отказано в доступе. (0x5)
[0402/132005.438:ERROR:process_reader_win.cc(151)] SuspendThread: Отказано в доступе. (0x5)
[0402/132005.449:ERROR:process_reader_win.cc(151)] SuspendThread: Отказано в доступе. (0x5)
[0402/132005.449:ERROR:process_reader_win.cc(151)] SuspendThread: Отказано в доступе. (0x5)
[0402/132005.449:ERROR:process_reader_win.cc(151)] SuspendThread: Отказано в доступе. (0x5)
[0402/132005.449:ERROR:process_reader_win.cc(151)] SuspendThread: Отказано в доступе. (0x5)
[0402/132005.544:ERROR:process_reader_win.cc(151)] SuspendThread: Отказано в доступе. (0x5)
[0402/132005.551:ERROR:process_reader_win.cc(151)] SuspendThread: Отказано в доступе. (0x5)
[0402/132005.625:ERROR:process_reader_win.cc(151)] SuspendThread: Отказано в доступе. (0x5)
[0402/132005.625:ERROR:exception_snapshot_win.cc(98)] thread ID 37412 not found in process
[0402/132005.626:ERROR:scoped_process_suspend.cc(40)] NtResumeProcess: Попытка доступа к процессу, выполняющему процедуру завершения. (0xc000010a)
